Unity Editor version:    2021.3.5f1 (40eb3a945986)
Branch:                  2021.3/staging
Build type:              Release
Batch mode:              YES
macOS version:           Version 12.3.1 (Build 21E258)
Darwin version:          21.4.0
Architecture:            x86_64
Running under Rosetta:   NO
Available memory:        16384 MB
Using pre-set license
Pro License: YES

COMMAND LINE ARGUMENTS:
/Applications/Unity/Hub/Editor/2021.3.5f1/Unity.app/Contents/MacOS/Unity
-adb2
-batchMode
-noUpm
-name
AssetImportWorker4
-projectPath
/Users/skandasamy/Siva/UnityProjects/SivaScoply/BingoCity_2022
-logFile
Logs/AssetImportWorker4.log
-srvPort
53177
Successfully changed project path to: /Users/skandasamy/Siva/UnityProjects/SivaScoply/BingoCity_2022
/Users/skandasamy/Siva/UnityProjects/SivaScoply/BingoCity_2022
[UnityMemory] Configuration Parameters - Can be set up in boot.config
    "memorysetup-bucket-allocator-granularity=16"
    "memorysetup-bucket-allocator-bucket-count=8"
    "memorysetup-bucket-allocator-block-size=33554432"
    "memorysetup-bucket-allocator-block-count=8"
    "memorysetup-main-allocator-block-size=16777216"
    "memorysetup-thread-allocator-block-size=16777216"
    "memorysetup-gfx-main-allocator-block-size=16777216"
    "memorysetup-gfx-thread-allocator-block-size=16777216"
    "memorysetup-cache-allocator-block-size=4194304"
    "memorysetup-typetree-allocator-block-size=2097152"
    "memorysetup-profiler-bucket-allocator-granularity=16"
    "memorysetup-profiler-bucket-allocator-bucket-count=8"
    "memorysetup-profiler-bucket-allocator-block-size=33554432"
    "memorysetup-profiler-bucket-allocator-block-count=8"
    "memorysetup-profiler-allocator-block-size=16777216"
    "memorysetup-profiler-editor-allocator-block-size=1048576"
    "memorysetup-temp-allocator-size-main=16777216"
    "memorysetup-job-temp-allocator-block-size=2097152"
    "memorysetup-job-temp-allocator-block-size-background=1048576"
    "memorysetup-job-temp-allocator-reduction-small-platforms=262144"
    "memorysetup-temp-allocator-size-background-worker=32768"
    "memorysetup-temp-allocator-size-job-worker=262144"
    "memorysetup-temp-allocator-size-preload-manager=33554432"
    "memorysetup-temp-allocator-size-nav-mesh-worker=65536"
    "memorysetup-temp-allocator-size-audio-worker=65536"
    "memorysetup-temp-allocator-size-cloud-worker=32768"
    "memorysetup-temp-allocator-size-gi-baking-worker=262144"
    "memorysetup-temp-allocator-size-gfx=262144"
Refreshing native plugins compatible for Editor in 140.57 ms, found 2 plugins.
Preloading 0 native plugins for Editor in 0.00 ms.
Initialize engine version: 2021.3.5f1 (40eb3a945986)
[Subsystems] Discovering subsystems at path /Applications/Unity/Hub/Editor/2021.3.5f1/Unity.app/Contents/Resources/UnitySubsystems
[Subsystems] Discovering subsystems at path /Users/skandasamy/Siva/UnityProjects/SivaScoply/BingoCity_2022/Assets
GfxDevice: creating device client; threaded=0; jobified=0
Color LCD preferred device: Intel(R) UHD Graphics 630 (low power)
Metal devices available: 2
0: AMD Radeon Pro 5500M (high power)
1: Intel(R) UHD Graphics 630 (low power)
Using device AMD Radeon Pro 5500M (high power)
Initializing Metal device caps: AMD Radeon Pro 5500M
Initialize mono
Mono path[0] = '/Applications/Unity/Hub/Editor/2021.3.5f1/Unity.app/Contents/Managed'
Mono path[1] = '/Applications/Unity/Hub/Editor/2021.3.5f1/Unity.app/Contents/MonoBleedingEdge/lib/mono/unityjit-macos'
Mono config path = '/Applications/Unity/Hub/Editor/2021.3.5f1/Unity.app/Contents/MonoBleedingEdge/etc'
Using monoOptions --debugger-agent=transport=dt_socket,embedding=1,server=y,suspend=n,address=127.0.0.1:56879
Begin MonoManager ReloadAssembly
Registering precompiled unity dll's ...
Register platform support module: /Applications/Unity/Hub/Editor/2021.3.5f1/PlaybackEngines/WebGLSupport/UnityEditor.WebGL.Extensions.dll
Register platform support module: /Applications/Unity/Hub/Editor/2021.3.5f1/Unity.app/Contents/PlaybackEngines/MacStandaloneSupport/UnityEditor.OSXStandalone.Extensions.dll
Register platform support module: /Applications/Unity/Hub/Editor/2021.3.5f1/PlaybackEngines/AndroidPlayer/UnityEditor.Android.Extensions.dll
Register platform support module: /Applications/Unity/Hub/Editor/2021.3.5f1/PlaybackEngines/iOSSupport/UnityEditor.iOS.Extensions.dll
Register platform support module: /Applications/Unity/Hub/Editor/2021.3.5f1/PlaybackEngines/WindowsStandaloneSupport/UnityEditor.WindowsStandalone.Extensions.dll
Registered in 0.010761 seconds.
Native extension for WindowsStandalone target not found
[usbmuxd] Start listen thread
[usbmuxd] Listen thread started
[usbmuxd] Send listen message
Native extension for iOS target not found
2022-09-10 14:12:55.081 Unity[53879:1240664] [XcodeApplications] Expected com.apple.dt.Xcode CFBundleIdentifier but found com.microsoft.VSCode in /Applications/Visual Studio Code.app/Contents/Info.plist
Native extension for Android target not found
Native extension for OSXStandalone target not found
Native extension for WebGL target not found
Refreshing native plugins compatible for Editor in 116.44 ms, found 2 plugins.
Preloading 0 native plugins for Editor in 0.00 ms.
Mono: successfully reloaded assembly
- Completed reload, in  1.070 seconds
Domain Reload Profiling:
	ReloadAssembly (1071ms)
		BeginReloadAssembly (164ms)
			ExecutionOrderSort (0ms)
			DisableScriptedObjects (0ms)
			BackupInstance (0ms)
			ReleaseScriptingObjects (0ms)
			CreateAndSetChildDomain (1ms)
		EndReloadAssembly (735ms)
			LoadAssemblies (169ms)
			RebuildTransferFunctionScriptingTraits (0ms)
			SetupTypeCache (164ms)
			ReleaseScriptCaches (0ms)
			RebuildScriptCaches (44ms)
			SetupLoadedEditorAssemblies (459ms)
				LogAssemblyErrors (0ms)
				InitializePlatformSupportModulesInManaged (151ms)
				SetLoadedEditorAssemblies (1ms)
				RefreshPlugins (116ms)
				BeforeProcessingInitializeOnLoad (2ms)
				ProcessInitializeOnLoadAttributes (121ms)
				ProcessInitializeOnLoadMethodAttributes (68ms)
				AfterProcessingInitializeOnLoad (0ms)
				EditorAssembliesLoaded (0ms)
			ExecutionOrderSort2 (0ms)
			AwakeInstancesAfterBackupRestoration (0ms)
Platform modules already initialized, skipping
Registering precompiled user dll's ...
Registered in 0.009177 seconds.
Begin MonoManager ReloadAssembly
Symbol file LoadedFromMemory doesn't match image /Users/skandasamy/Siva/UnityProjects/SivaScoply/BingoCity_2022/Library/PackageCache/com.unity.visualscripting@1.7.8/Editor/VisualScripting.Core/Dependencies/YamlDotNet/Unity.VisualScripting.YamlDotNet.dll
Symbol file LoadedFromMemory doesn't match image /Users/skandasamy/Siva/UnityProjects/SivaScoply/BingoCity_2022/Library/PackageCache/com.unity.visualscripting@1.7.8/Editor/VisualScripting.Core/Dependencies/DotNetZip/Unity.VisualScripting.IonicZip.dll
Native extension for WindowsStandalone target not found
Native extension for iOS target not found
2022-09-10 14:12:58.622 Unity[53879:1240664] [XcodeApplications] Expected com.apple.dt.Xcode CFBundleIdentifier but found com.microsoft.VSCode in /Applications/Visual Studio Code.app/Contents/Info.plist
Native extension for Android target not found
Native extension for OSXStandalone target not found
Native extension for WebGL target not found
Refreshing native plugins compatible for Editor in 0.59 ms, found 2 plugins.
Preloading 0 native plugins for Editor in 0.00 ms.
Mono: successfully reloaded assembly
- Completed reload, in  1.602 seconds
Domain Reload Profiling:
	ReloadAssembly (1603ms)
		BeginReloadAssembly (241ms)
			ExecutionOrderSort (0ms)
			DisableScriptedObjects (8ms)
			BackupInstance (0ms)
			ReleaseScriptingObjects (0ms)
			CreateAndSetChildDomain (134ms)
		EndReloadAssembly (1209ms)
			LoadAssemblies (144ms)
			RebuildTransferFunctionScriptingTraits (0ms)
			SetupTypeCache (381ms)
			ReleaseScriptCaches (3ms)
			RebuildScriptCaches (78ms)
			SetupLoadedEditorAssemblies (548ms)
				LogAssemblyErrors (0ms)
				InitializePlatformSupportModulesInManaged (35ms)
				SetLoadedEditorAssemblies (1ms)
				RefreshPlugins (1ms)
				BeforeProcessingInitializeOnLoad (90ms)
				ProcessInitializeOnLoadAttributes (380ms)
				ProcessInitializeOnLoadMethodAttributes (40ms)
				AfterProcessingInitializeOnLoad (1ms)
				EditorAssembliesLoaded (0ms)
			ExecutionOrderSort2 (0ms)
			AwakeInstancesAfterBackupRestoration (6ms)
Platform modules already initialized, skipping
========================================================================
Worker process is ready to serve import requests
Launching external process: /Applications/Unity/Hub/Editor/2021.3.5f1/Unity.app/Contents/Tools/UnityShaderCompiler
Launched and connected shader compiler UnityShaderCompiler after 0.11 seconds
Refreshing native plugins compatible for Editor in 0.58 ms, found 2 plugins.
Preloading 0 native plugins for Editor in 0.00 ms.
Unloading 3721 Unused Serialized files (Serialized files now loaded: 0)
Unloading 26 unused Assets / (72.0 KB). Loaded Objects now: 4185.
Memory consumption went from 253.5 MB to 253.5 MB.
Total: 3.638104 ms (FindLiveObjects: 0.312511 ms CreateObjectMapping: 0.220787 ms MarkObjects: 2.992761 ms  DeleteObjects: 0.111089 ms)

AssetImportParameters requested are different than current active one (requested -> active):
  custom:video-decoder-ogg-theora: a1e56fd34408186e4bbccfd4996cb3dc -> 
  custom:container-muxer-webm: aa71ff27fc2769a1b78a27578f13a17b -> 
  custom:container-demuxer-webm: 4f35f7cbe854078d1ac9338744f61a02 -> 
  custom:video-encoder-webm-vp8: eb34c28f22e8b96e1ab97ce403110664 -> 
  custom:framework-osx-AVFoundation: e770b220cccbd017edd2c1fefb359320 -> 
  custom:audio-encoder-webm-vorbis: bf7c407c2cedff20999df2af8eb42d56 -> 
  custom:container-demuxer-ogg: 62fdf1f143b41e24485cea50d1cbac27 -> 
  custom:video-decoder-webm-vp8: 9c59270c3fd7afecdb556c50c9e8de78 -> 
  custom:audio-decoder-ogg-vorbis: bf7c407c2cedff20999df2af8eb42d56 -> 
========================================================================
Received Import Request.
  Time since last request: 103241.912604 seconds.
  path: Assets/Images/GameScreen/ArtFiles/Transparent Bar.png
  artifactKey: Guid(065049536b68c454987725734e2816bd) Importer(815301076,1909f56bfc062723c751e8b465ee728b)
Start importing Assets/Images/GameScreen/ArtFiles/Transparent Bar.png using Guid(065049536b68c454987725734e2816bd) Importer(815301076,1909f56bfc062723c751e8b465ee728b) WARNING: RGBA Compressed ASTC6X6 UNorm format is not supported, decompressing texture
 -> (artifact id: '20ec02adb3afb5994d604be645a3ad41') in 0.259727 seconds 
========================================================================
Received Import Request.
  Time since last request: 13.138503 seconds.
  path: Assets/Images/GameScreen/ArtFiles/B.png
  artifactKey: Guid(d033a1cd7f0f840a9a4b1d0c245745ed) Importer(815301076,1909f56bfc062723c751e8b465ee728b)
Start importing Assets/Images/GameScreen/ArtFiles/B.png using Guid(d033a1cd7f0f840a9a4b1d0c245745ed) Importer(815301076,1909f56bfc062723c751e8b465ee728b) WARNING: RGBA Compressed ASTC6X6 UNorm format is not supported, decompressing texture
 -> (artifact id: 'd980e2bc07d48cd22deaec307b834885') in 0.014054 seconds 
========================================================================
Received Import Request.
  Time since last request: 112.764573 seconds.
  path: Assets/Images/GameScreen/ArtFiles/Card Base.png
  artifactKey: Guid(cd46a270a68e2404a820a0e86ed555ef) Importer(815301076,1909f56bfc062723c751e8b465ee728b)
Start importing Assets/Images/GameScreen/ArtFiles/Card Base.png using Guid(cd46a270a68e2404a820a0e86ed555ef) Importer(815301076,1909f56bfc062723c751e8b465ee728b) WARNING: RGBA Compressed ASTC6X6 UNorm format is not supported, decompressing texture
 -> (artifact id: '60d47a2c5d6b5dd43becf5c87de2bcbf') in 0.043507 seconds 
========================================================================
Received Prepare
Registering precompiled user dll's ...
Registered in 0.003290 seconds.
Begin MonoManager ReloadAssembly
Symbol file LoadedFromMemory doesn't match image /Users/skandasamy/Siva/UnityProjects/SivaScoply/BingoCity_2022/Library/PackageCache/com.unity.visualscripting@1.7.8/Editor/VisualScripting.Core/Dependencies/YamlDotNet/Unity.VisualScripting.YamlDotNet.dll
Symbol file LoadedFromMemory doesn't match image /Users/skandasamy/Siva/UnityProjects/SivaScoply/BingoCity_2022/Library/PackageCache/com.unity.visualscripting@1.7.8/Editor/VisualScripting.Core/Dependencies/DotNetZip/Unity.VisualScripting.IonicZip.dll
Native extension for WindowsStandalone target not found
Native extension for iOS target not found
2022-09-10 14:23:21.943 Unity[53879:1240664] [XcodeApplications] Expected com.apple.dt.Xcode CFBundleIdentifier but found com.microsoft.VSCode in /Applications/Visual Studio Code.app/Contents/Info.plist
Native extension for Android target not found
Native extension for OSXStandalone target not found
Native extension for WebGL target not found
Refreshing native plugins compatible for Editor in 0.66 ms, found 2 plugins.
Preloading 0 native plugins for Editor in 0.00 ms.
Mono: successfully reloaded assembly
- Completed reload, in  1.578 seconds
Domain Reload Profiling:
	ReloadAssembly (1579ms)
		BeginReloadAssembly (318ms)
			ExecutionOrderSort (0ms)
			DisableScriptedObjects (10ms)
			BackupInstance (0ms)
			ReleaseScriptingObjects (0ms)
			CreateAndSetChildDomain (124ms)
		EndReloadAssembly (1112ms)
			LoadAssemblies (173ms)
			RebuildTransferFunctionScriptingTraits (0ms)
			SetupTypeCache (379ms)
			ReleaseScriptCaches (1ms)
			RebuildScriptCaches (57ms)
			SetupLoadedEditorAssemblies (506ms)
				LogAssemblyErrors (0ms)
				InitializePlatformSupportModulesInManaged (40ms)
				SetLoadedEditorAssemblies (1ms)
				RefreshPlugins (1ms)
				BeforeProcessingInitializeOnLoad (70ms)
				ProcessInitializeOnLoadAttributes (353ms)
				ProcessInitializeOnLoadMethodAttributes (38ms)
				AfterProcessingInitializeOnLoad (3ms)
				EditorAssembliesLoaded (0ms)
			ExecutionOrderSort2 (0ms)
			AwakeInstancesAfterBackupRestoration (6ms)
Platform modules already initialized, skipping
Refreshing native plugins compatible for Editor in 1.49 ms, found 2 plugins.
Preloading 0 native plugins for Editor in 0.00 ms.
Unloading 3701 Unused Serialized files (Serialized files now loaded: 0)
Unloading 20 unused Assets / (72.0 KB). Loaded Objects now: 4199.
Memory consumption went from 302.2 MB to 302.2 MB.
Total: 6.138975 ms (FindLiveObjects: 0.546938 ms CreateObjectMapping: 0.539954 ms MarkObjects: 4.846376 ms  DeleteObjects: 0.185457 ms)

AssetImportParameters requested are different than current active one (requested -> active):
  custom:video-decoder-ogg-theora: a1e56fd34408186e4bbccfd4996cb3dc -> 
  custom:container-muxer-webm: aa71ff27fc2769a1b78a27578f13a17b -> 
  custom:container-demuxer-webm: 4f35f7cbe854078d1ac9338744f61a02 -> 
  custom:video-encoder-webm-vp8: eb34c28f22e8b96e1ab97ce403110664 -> 
  custom:framework-osx-AVFoundation: e770b220cccbd017edd2c1fefb359320 -> 
  custom:audio-encoder-webm-vorbis: bf7c407c2cedff20999df2af8eb42d56 -> 
  custom:container-demuxer-ogg: 62fdf1f143b41e24485cea50d1cbac27 -> 
  custom:video-decoder-webm-vp8: 9c59270c3fd7afecdb556c50c9e8de78 -> 
  custom:audio-decoder-ogg-vorbis: bf7c407c2cedff20999df2af8eb42d56 -> 
========================================================================
Received Import Request.
  Time since last request: 583.942819 seconds.
  path: Assets/Images/GameScreen/ArtFiles/Back.png
  artifactKey: Guid(a8df34c5484c6456880d4efee58ac490) Importer(815301076,1909f56bfc062723c751e8b465ee728b)
Start importing Assets/Images/GameScreen/ArtFiles/Back.png using Guid(a8df34c5484c6456880d4efee58ac490) Importer(815301076,1909f56bfc062723c751e8b465ee728b) WARNING: RGBA Compressed ASTC6X6 UNorm format is not supported, decompressing texture
 -> (artifact id: '2ca34d9f45301770e4fd808705e34df0') in 0.104673 seconds 
========================================================================
Received Import Request.
  Time since last request: 0.000071 seconds.
  path: Assets/Images/GameScreen/ArtFiles/Roll Active.png
  artifactKey: Guid(d78cf4c8162594dd78e883850058e9d0) Importer(815301076,1909f56bfc062723c751e8b465ee728b)
Start importing Assets/Images/GameScreen/ArtFiles/Roll Active.png using Guid(d78cf4c8162594dd78e883850058e9d0) Importer(815301076,1909f56bfc062723c751e8b465ee728b) WARNING: RGBA Compressed ASTC6X6 UNorm format is not supported, decompressing texture
 -> (artifact id: '73857488da36d43f01ea76338579d78d') in 0.020509 seconds 
========================================================================
Received Import Request.
  Time since last request: 0.000069 seconds.
  path: Assets/Images/GameScreen/ArtFiles/Timer.png
  artifactKey: Guid(e09ead5af03e94327b6daa14bf4fc54f) Importer(815301076,1909f56bfc062723c751e8b465ee728b)
Start importing Assets/Images/GameScreen/ArtFiles/Timer.png using Guid(e09ead5af03e94327b6daa14bf4fc54f) Importer(815301076,1909f56bfc062723c751e8b465ee728b) WARNING: RGBA Compressed ASTC6X6 UNorm format is not supported, decompressing texture
 -> (artifact id: 'b520d70b11c9b768672f319deb87ac89') in 0.017506 seconds 
========================================================================
Received Import Request.
  Time since last request: 0.000059 seconds.
  path: Assets/Images/GameScreen/ArtFiles/Star White.png
  artifactKey: Guid(ee9126087169c4069a7564c14371d16a) Importer(815301076,1909f56bfc062723c751e8b465ee728b)
Start importing Assets/Images/GameScreen/ArtFiles/Star White.png using Guid(ee9126087169c4069a7564c14371d16a) Importer(815301076,1909f56bfc062723c751e8b465ee728b) WARNING: RGBA Compressed ASTC6X6 UNorm format is not supported, decompressing texture
 -> (artifact id: '8dd2f6f4b7b262f4b3ae85f8582c5e12') in 0.012351 seconds 
========================================================================
Received Import Request.
  Time since last request: 0.000067 seconds.
  path: Assets/Images/GameScreen/ArtFiles/I.png
  artifactKey: Guid(850e7bc0cf89d4346aaeb99ff0d45306) Importer(815301076,1909f56bfc062723c751e8b465ee728b)
Start importing Assets/Images/GameScreen/ArtFiles/I.png using Guid(850e7bc0cf89d4346aaeb99ff0d45306) Importer(815301076,1909f56bfc062723c751e8b465ee728b) WARNING: RGBA Compressed ASTC6X6 UNorm format is not supported, decompressing texture
 -> (artifact id: 'bef7aff6bad5a4552b1822eea3da5bda') in 0.014486 seconds 
========================================================================
Received Import Request.
  Time since last request: 0.000063 seconds.
  path: Assets/Images/GameScreen/ArtFiles/Meter Base.png
  artifactKey: Guid(693fe3ad13a9c48559fd07d1125866b9) Importer(815301076,1909f56bfc062723c751e8b465ee728b)
Start importing Assets/Images/GameScreen/ArtFiles/Meter Base.png using Guid(693fe3ad13a9c48559fd07d1125866b9) Importer(815301076,1909f56bfc062723c751e8b465ee728b) WARNING: RGBA Compressed ASTC6X6 UNorm format is not supported, decompressing texture
 -> (artifact id: 'f518cbfea59ac4e82b45e3cfef539209') in 0.015990 seconds 
========================================================================
Received Import Request.
  Time since last request: 0.000052 seconds.
  path: Assets/Images/GameScreen/ArtFiles/Satr Red.png
  artifactKey: Guid(dc7f6949a38434433a0ae40261626fda) Importer(815301076,1909f56bfc062723c751e8b465ee728b)
Start importing Assets/Images/GameScreen/ArtFiles/Satr Red.png using Guid(dc7f6949a38434433a0ae40261626fda) Importer(815301076,1909f56bfc062723c751e8b465ee728b) WARNING: RGBA Compressed ASTC6X6 UNorm format is not supported, decompressing texture
 -> (artifact id: '2969f7da9d1b1d3386201e8377204225') in 0.012618 seconds 
========================================================================
Received Import Request.
  Time since last request: 0.000086 seconds.
  path: Assets/Images/GameScreen/ArtFiles/Normal Panel.png
  artifactKey: Guid(c920d35a05bc44373b04dfbe0e865dc4) Importer(815301076,1909f56bfc062723c751e8b465ee728b)
Start importing Assets/Images/GameScreen/ArtFiles/Normal Panel.png using Guid(c920d35a05bc44373b04dfbe0e865dc4) Importer(815301076,1909f56bfc062723c751e8b465ee728b) WARNING: RGBA Compressed ASTC6X6 UNorm format is not supported, decompressing texture
 -> (artifact id: 'ea7821c406978f79c2a701dcff34b31e') in 0.018168 seconds 
========================================================================
Received Import Request.
  Time since last request: 0.000072 seconds.
  path: Assets/Images/GameScreen/ArtFiles/Extra CardsbBase.png
  artifactKey: Guid(604fab264dd1b4163ab4a833b32fbe6a) Importer(815301076,1909f56bfc062723c751e8b465ee728b)
Start importing Assets/Images/GameScreen/ArtFiles/Extra CardsbBase.png using Guid(604fab264dd1b4163ab4a833b32fbe6a) Importer(815301076,1909f56bfc062723c751e8b465ee728b) WARNING: RGBA Compressed ASTC6X6 UNorm format is not supported, decompressing texture
 -> (artifact id: 'e0ce748e92c442df0d0ad5233597c3a1') in 0.028867 seconds 
========================================================================
Received Import Request.
  Time since last request: 0.000138 seconds.
  path: Assets/Images/GameScreen/ArtFiles/G.png
  artifactKey: Guid(200c9fe4ed08e4c6fa5fc74eed902c33) Importer(815301076,1909f56bfc062723c751e8b465ee728b)
Start importing Assets/Images/GameScreen/ArtFiles/G.png using Guid(200c9fe4ed08e4c6fa5fc74eed902c33) Importer(815301076,1909f56bfc062723c751e8b465ee728b) WARNING: RGBA Compressed ASTC6X6 UNorm format is not supported, decompressing texture
 -> (artifact id: '77bbad04ec05659eba55b17d808f63ea') in 0.019317 seconds 
========================================================================
Received Import Request.
  Time since last request: 0.000090 seconds.
  path: Assets/Images/GameScreen/ArtFiles/Bottom UI Base.png
  artifactKey: Guid(49f88fbe2f3634596a5faf64efc05433) Importer(815301076,1909f56bfc062723c751e8b465ee728b)
Start importing Assets/Images/GameScreen/ArtFiles/Bottom UI Base.png using Guid(49f88fbe2f3634596a5faf64efc05433) Importer(815301076,1909f56bfc062723c751e8b465ee728b) WARNING: RGBA Compressed ASTC6X6 UNorm format is not supported, decompressing texture
 -> (artifact id: '0b48c8d108a91e8a3338f2bd94c959ba') in 0.048626 seconds 
========================================================================
Received Import Request.
  Time since last request: 0.000059 seconds.
  path: Assets/Images/GameScreen/ArtFiles/Roll Deactive.png
  artifactKey: Guid(fa432f6e8fc7f4031aed5f57777f3648) Importer(815301076,1909f56bfc062723c751e8b465ee728b)
Start importing Assets/Images/GameScreen/ArtFiles/Roll Deactive.png using Guid(fa432f6e8fc7f4031aed5f57777f3648) Importer(815301076,1909f56bfc062723c751e8b465ee728b) WARNING: RGBA Compressed ASTC6X6 UNorm format is not supported, decompressing texture
 -> (artifact id: 'c32098a805b79417b5163b49ea5d2ce5') in 0.020362 seconds 
========================================================================
Received Import Request.
  Time since last request: 0.000073 seconds.
  path: Assets/Images/GameScreen/ArtFiles/N.png
  artifactKey: Guid(7340395d449c34f919f6ab7e405f46dd) Importer(815301076,1909f56bfc062723c751e8b465ee728b)
Start importing Assets/Images/GameScreen/ArtFiles/N.png using Guid(7340395d449c34f919f6ab7e405f46dd) Importer(815301076,1909f56bfc062723c751e8b465ee728b) WARNING: RGBA Compressed ASTC6X6 UNorm format is not supported, decompressing texture
 -> (artifact id: '2e44370ce66b4e6c5820dcd1bbacee9a') in 0.018384 seconds 
========================================================================
Received Import Request.
  Time since last request: 0.000068 seconds.
  path: Assets/Images/GameScreen/ArtFiles/Meter Bar.png
  artifactKey: Guid(d620e852fbe7044e38ad6eff23c09fe9) Importer(815301076,1909f56bfc062723c751e8b465ee728b)
Start importing Assets/Images/GameScreen/ArtFiles/Meter Bar.png using Guid(d620e852fbe7044e38ad6eff23c09fe9) Importer(815301076,1909f56bfc062723c751e8b465ee728b) WARNING: RGBA Compressed ASTC6X6 UNorm format is not supported, decompressing texture
 -> (artifact id: 'fed3d5b1f27e942c654c9af69f3cc2cf') in 0.018176 seconds 
========================================================================
Received Import Request.
  Time since last request: 0.000104 seconds.
  path: Assets/Images/GameScreen/ArtFiles/Selected Panel.png
  artifactKey: Guid(f4ed0da43b55f4191b766119fa3b7c96) Importer(815301076,1909f56bfc062723c751e8b465ee728b)
Start importing Assets/Images/GameScreen/ArtFiles/Selected Panel.png using Guid(f4ed0da43b55f4191b766119fa3b7c96) Importer(815301076,1909f56bfc062723c751e8b465ee728b) WARNING: RGBA Compressed ASTC6X6 UNorm format is not supported, decompressing texture
 -> (artifact id: '2b8914a6039060139a793679ff5d3179') in 0.018956 seconds 
========================================================================
Received Import Request.
  Time since last request: 0.000079 seconds.
  path: Assets/Images/GameScreen/ArtFiles/O.png
  artifactKey: Guid(e30cfc233087346249e5556c7a21d4a7) Importer(815301076,1909f56bfc062723c751e8b465ee728b)
Start importing Assets/Images/GameScreen/ArtFiles/O.png using Guid(e30cfc233087346249e5556c7a21d4a7) Importer(815301076,1909f56bfc062723c751e8b465ee728b) WARNING: RGBA Compressed ASTC6X6 UNorm format is not supported, decompressing texture
 -> (artifact id: 'a96e147d31d6d4656d50e743705499fa') in 0.019368 seconds 
========================================================================
Received Import Request.
  Time since last request: 0.000135 seconds.
  path: Assets/Images/GameScreen/ArtFiles/Collectibles_.png
  artifactKey: Guid(e8f338559da574ac59114256b0a1c974) Importer(815301076,1909f56bfc062723c751e8b465ee728b)
Start importing Assets/Images/GameScreen/ArtFiles/Collectibles_.png using Guid(e8f338559da574ac59114256b0a1c974) Importer(815301076,1909f56bfc062723c751e8b465ee728b) WARNING: RGBA Compressed ASTC6X6 UNorm format is not supported, decompressing texture
 -> (artifact id: '387b332cf6bed4fa5d4200f3936876de') in 0.032761 seconds 
Editor requested this worker to shutdown with reason: Scaling down because of idle timeout
AssetImportWorker is now disconnected from the server
Process exiting
