Unity Editor version:    2021.3.5f1 (40eb3a945986)
Branch:                  2021.3/staging
Build type:              Release
Batch mode:              YES
macOS version:           Version 12.3.1 (Build 21E258)
Darwin version:          21.4.0
Architecture:            x86_64
Running under Rosetta:   NO
Available memory:        16384 MB
Using pre-set license
Pro License: YES

COMMAND LINE ARGUMENTS:
/Applications/Unity/Hub/Editor/2021.3.5f1/Unity.app/Contents/MacOS/Unity
-adb2
-batchMode
-noUpm
-name
AssetImportWorker0
-projectPath
/Users/skandasamy/Siva/UnityProjects/SivaScoply/BingoCity_2022
-logFile
Logs/AssetImportWorker0.log
-srvPort
57105
Successfully changed project path to: /Users/skandasamy/Siva/UnityProjects/SivaScoply/BingoCity_2022
/Users/skandasamy/Siva/UnityProjects/SivaScoply/BingoCity_2022
[UnityMemory] Configuration Parameters - Can be set up in boot.config
    "memorysetup-bucket-allocator-granularity=16"
    "memorysetup-bucket-allocator-bucket-count=8"
    "memorysetup-bucket-allocator-block-size=33554432"
    "memorysetup-bucket-allocator-block-count=8"
    "memorysetup-main-allocator-block-size=16777216"
    "memorysetup-thread-allocator-block-size=16777216"
    "memorysetup-gfx-main-allocator-block-size=16777216"
    "memorysetup-gfx-thread-allocator-block-size=16777216"
    "memorysetup-cache-allocator-block-size=4194304"
    "memorysetup-typetree-allocator-block-size=2097152"
    "memorysetup-profiler-bucket-allocator-granularity=16"
    "memorysetup-profiler-bucket-allocator-bucket-count=8"
    "memorysetup-profiler-bucket-allocator-block-size=33554432"
    "memorysetup-profiler-bucket-allocator-block-count=8"
    "memorysetup-profiler-allocator-block-size=16777216"
    "memorysetup-profiler-editor-allocator-block-size=1048576"
    "memorysetup-temp-allocator-size-main=16777216"
    "memorysetup-job-temp-allocator-block-size=2097152"
    "memorysetup-job-temp-allocator-block-size-background=1048576"
    "memorysetup-job-temp-allocator-reduction-small-platforms=262144"
    "memorysetup-temp-allocator-size-background-worker=32768"
    "memorysetup-temp-allocator-size-job-worker=262144"
    "memorysetup-temp-allocator-size-preload-manager=33554432"
    "memorysetup-temp-allocator-size-nav-mesh-worker=65536"
    "memorysetup-temp-allocator-size-audio-worker=65536"
    "memorysetup-temp-allocator-size-cloud-worker=32768"
    "memorysetup-temp-allocator-size-gi-baking-worker=262144"
    "memorysetup-temp-allocator-size-gfx=262144"
Refreshing native plugins compatible for Editor in 107.19 ms, found 2 plugins.
Preloading 0 native plugins for Editor in 0.00 ms.
Initialize engine version: 2021.3.5f1 (40eb3a945986)
[Subsystems] Discovering subsystems at path /Applications/Unity/Hub/Editor/2021.3.5f1/Unity.app/Contents/Resources/UnitySubsystems
[Subsystems] Discovering subsystems at path /Users/skandasamy/Siva/UnityProjects/SivaScoply/BingoCity_2022/Assets
GfxDevice: creating device client; threaded=0; jobified=0
Color LCD preferred device: Intel(R) UHD Graphics 630 (low power)
Metal devices available: 2
0: AMD Radeon Pro 5500M (high power)
1: Intel(R) UHD Graphics 630 (low power)
Using device AMD Radeon Pro 5500M (high power)
Initializing Metal device caps: AMD Radeon Pro 5500M
Initialize mono
Mono path[0] = '/Applications/Unity/Hub/Editor/2021.3.5f1/Unity.app/Contents/Managed'
Mono path[1] = '/Applications/Unity/Hub/Editor/2021.3.5f1/Unity.app/Contents/MonoBleedingEdge/lib/mono/unityjit-macos'
Mono config path = '/Applications/Unity/Hub/Editor/2021.3.5f1/Unity.app/Contents/MonoBleedingEdge/etc'
Using monoOptions --debugger-agent=transport=dt_socket,embedding=1,server=y,suspend=n,address=127.0.0.1:56042
Begin MonoManager ReloadAssembly
Registering precompiled unity dll's ...
Register platform support module: /Applications/Unity/Hub/Editor/2021.3.5f1/PlaybackEngines/WebGLSupport/UnityEditor.WebGL.Extensions.dll
Register platform support module: /Applications/Unity/Hub/Editor/2021.3.5f1/Unity.app/Contents/PlaybackEngines/MacStandaloneSupport/UnityEditor.OSXStandalone.Extensions.dll
Register platform support module: /Applications/Unity/Hub/Editor/2021.3.5f1/PlaybackEngines/AndroidPlayer/UnityEditor.Android.Extensions.dll
Register platform support module: /Applications/Unity/Hub/Editor/2021.3.5f1/PlaybackEngines/iOSSupport/UnityEditor.iOS.Extensions.dll
Register platform support module: /Applications/Unity/Hub/Editor/2021.3.5f1/PlaybackEngines/WindowsStandaloneSupport/UnityEditor.WindowsStandalone.Extensions.dll
Registered in 0.005607 seconds.
Native extension for WindowsStandalone target not found
[usbmuxd] Start listen thread
[usbmuxd] Listen thread started
[usbmuxd] Send listen message
Native extension for iOS target not found
2022-09-08 15:15:31.630 Unity[6042:94961] [XcodeApplications] Expected com.apple.dt.Xcode CFBundleIdentifier but found com.microsoft.VSCode in /Applications/Visual Studio Code.app/Contents/Info.plist
Native extension for Android target not found
Native extension for OSXStandalone target not found
Native extension for WebGL target not found
Refreshing native plugins compatible for Editor in 99.44 ms, found 2 plugins.
Preloading 0 native plugins for Editor in 0.00 ms.
Mono: successfully reloaded assembly
- Completed reload, in  0.965 seconds
Domain Reload Profiling:
	ReloadAssembly (966ms)
		BeginReloadAssembly (121ms)
			ExecutionOrderSort (0ms)
			DisableScriptedObjects (0ms)
			BackupInstance (0ms)
			ReleaseScriptingObjects (0ms)
			CreateAndSetChildDomain (1ms)
		EndReloadAssembly (699ms)
			LoadAssemblies (126ms)
			RebuildTransferFunctionScriptingTraits (0ms)
			SetupTypeCache (161ms)
			ReleaseScriptCaches (0ms)
			RebuildScriptCaches (44ms)
			SetupLoadedEditorAssemblies (426ms)
				LogAssemblyErrors (0ms)
				InitializePlatformSupportModulesInManaged (140ms)
				SetLoadedEditorAssemblies (0ms)
				RefreshPlugins (99ms)
				BeforeProcessingInitializeOnLoad (2ms)
				ProcessInitializeOnLoadAttributes (125ms)
				ProcessInitializeOnLoadMethodAttributes (59ms)
				AfterProcessingInitializeOnLoad (0ms)
				EditorAssembliesLoaded (0ms)
			ExecutionOrderSort2 (0ms)
			AwakeInstancesAfterBackupRestoration (0ms)
Platform modules already initialized, skipping
Registering precompiled user dll's ...
Registered in 0.002795 seconds.
Begin MonoManager ReloadAssembly
Symbol file LoadedFromMemory doesn't match image /Users/skandasamy/Siva/UnityProjects/SivaScoply/BingoCity_2022/Library/PackageCache/com.unity.visualscripting@1.7.8/Editor/VisualScripting.Core/Dependencies/YamlDotNet/Unity.VisualScripting.YamlDotNet.dll
Symbol file LoadedFromMemory doesn't match image /Users/skandasamy/Siva/UnityProjects/SivaScoply/BingoCity_2022/Library/PackageCache/com.unity.visualscripting@1.7.8/Editor/VisualScripting.Core/Dependencies/DotNetZip/Unity.VisualScripting.IonicZip.dll
Native extension for WindowsStandalone target not found
Native extension for iOS target not found
2022-09-08 15:15:35.112 Unity[6042:94961] [XcodeApplications] Expected com.apple.dt.Xcode CFBundleIdentifier but found com.microsoft.VSCode in /Applications/Visual Studio Code.app/Contents/Info.plist
Native extension for Android target not found
Native extension for OSXStandalone target not found
Native extension for WebGL target not found
Refreshing native plugins compatible for Editor in 0.73 ms, found 2 plugins.
Preloading 0 native plugins for Editor in 0.00 ms.
Mono: successfully reloaded assembly
- Completed reload, in  1.638 seconds
Domain Reload Profiling:
	ReloadAssembly (1639ms)
		BeginReloadAssembly (245ms)
			ExecutionOrderSort (0ms)
			DisableScriptedObjects (8ms)
			BackupInstance (0ms)
			ReleaseScriptingObjects (0ms)
			CreateAndSetChildDomain (137ms)
		EndReloadAssembly (1239ms)
			LoadAssemblies (143ms)
			RebuildTransferFunctionScriptingTraits (0ms)
			SetupTypeCache (399ms)
			ReleaseScriptCaches (5ms)
			RebuildScriptCaches (76ms)
			SetupLoadedEditorAssemblies (559ms)
				LogAssemblyErrors (0ms)
				InitializePlatformSupportModulesInManaged (35ms)
				SetLoadedEditorAssemblies (1ms)
				RefreshPlugins (1ms)
				BeforeProcessingInitializeOnLoad (102ms)
				ProcessInitializeOnLoadAttributes (378ms)
				ProcessInitializeOnLoadMethodAttributes (41ms)
				AfterProcessingInitializeOnLoad (1ms)
				EditorAssembliesLoaded (0ms)
			ExecutionOrderSort2 (0ms)
			AwakeInstancesAfterBackupRestoration (5ms)
Platform modules already initialized, skipping
========================================================================
Worker process is ready to serve import requests
Launching external process: /Applications/Unity/Hub/Editor/2021.3.5f1/Unity.app/Contents/Tools/UnityShaderCompiler
Launched and connected shader compiler UnityShaderCompiler after 0.07 seconds
Refreshing native plugins compatible for Editor in 0.56 ms, found 2 plugins.
Preloading 0 native plugins for Editor in 0.00 ms.
Unloading 3672 Unused Serialized files (Serialized files now loaded: 0)
Unloading 27 unused Assets / (94.9 KB). Loaded Objects now: 4131.
Memory consumption went from 248.5 MB to 248.4 MB.
Total: 4.022323 ms (FindLiveObjects: 0.320625 ms CreateObjectMapping: 0.275340 ms MarkObjects: 3.278605 ms  DeleteObjects: 0.146996 ms)

AssetImportParameters requested are different than current active one (requested -> active):
  custom:video-decoder-ogg-theora: a1e56fd34408186e4bbccfd4996cb3dc -> 
  custom:container-muxer-webm: aa71ff27fc2769a1b78a27578f13a17b -> 
  custom:container-demuxer-webm: 4f35f7cbe854078d1ac9338744f61a02 -> 
  custom:video-encoder-webm-vp8: eb34c28f22e8b96e1ab97ce403110664 -> 
  custom:framework-osx-AVFoundation: e770b220cccbd017edd2c1fefb359320 -> 
  custom:audio-encoder-webm-vorbis: bf7c407c2cedff20999df2af8eb42d56 -> 
  custom:container-demuxer-ogg: 62fdf1f143b41e24485cea50d1cbac27 -> 
  custom:video-decoder-webm-vp8: 9c59270c3fd7afecdb556c50c9e8de78 -> 
  custom:audio-decoder-ogg-vorbis: bf7c407c2cedff20999df2af8eb42d56 -> 
========================================================================
Received Import Request.
  Time since last request: 7954.227506 seconds.
  path: Assets/Prefabs/GameScreen
  artifactKey: Guid(39595170191a641588cb04380b0d0b97) Importer(815301076,1909f56bfc062723c751e8b465ee728b)
Start importing Assets/Prefabs/GameScreen using Guid(39595170191a641588cb04380b0d0b97) Importer(815301076,1909f56bfc062723c751e8b465ee728b)  -> (artifact id: '3c43bcbafa7e60f39b0e0a0e592d0af4') in 0.008565 seconds 
========================================================================
Received Import Request.
  Time since last request: 9.806321 seconds.
  path: Assets/Prefabs/GameScreen/Itemcontainers
  artifactKey: Guid(7e027d946488144aa84218075482293b) Importer(815301076,1909f56bfc062723c751e8b465ee728b)
Start importing Assets/Prefabs/GameScreen/Itemcontainers using Guid(7e027d946488144aa84218075482293b) Importer(815301076,1909f56bfc062723c751e8b465ee728b)  -> (artifact id: '6f70c887a4f125db3677c38474c94dc7') in 0.001383 seconds 
========================================================================
Received Import Request.
  Time since last request: 5.566817 seconds.
  path: Assets/Prefabs/GameScreen/Itemcontainers/1 1x1.prefab
  artifactKey: Guid(7e1711c8cf1dd4522a00db5b4c10c325) Importer(815301076,1909f56bfc062723c751e8b465ee728b)
Start importing Assets/Prefabs/GameScreen/Itemcontainers/1 1x1.prefab using Guid(7e1711c8cf1dd4522a00db5b4c10c325) Importer(815301076,1909f56bfc062723c751e8b465ee728b)  -> (artifact id: '621c8f462613e7e68f3fa64f44001222') in 0.127464 seconds 
========================================================================
Received Import Request.
  Time since last request: 2.552449 seconds.
  path: Assets/Prefabs/GameScreen/Itemcontainers/2 1x1.prefab
  artifactKey: Guid(a64814a21d1034800842a4fb51a87b8f) Importer(815301076,1909f56bfc062723c751e8b465ee728b)
Start importing Assets/Prefabs/GameScreen/Itemcontainers/2 1x1.prefab using Guid(a64814a21d1034800842a4fb51a87b8f) Importer(815301076,1909f56bfc062723c751e8b465ee728b)  -> (artifact id: '154af77a865d0dfce21c535c9ea8704f') in 0.004771 seconds 
========================================================================
Received Import Request.
  Time since last request: 2.775233 seconds.
  path: Assets/Prefabs/GameScreen/Itemcontainers/3 1x2.prefab
  artifactKey: Guid(2cfac0ec3253a4eea85ca40f45359d09) Importer(815301076,1909f56bfc062723c751e8b465ee728b)
Start importing Assets/Prefabs/GameScreen/Itemcontainers/3 1x2.prefab using Guid(2cfac0ec3253a4eea85ca40f45359d09) Importer(815301076,1909f56bfc062723c751e8b465ee728b)  -> (artifact id: 'f17874e0cfaf6ec73a6b424c015e4429') in 0.005388 seconds 
========================================================================
Received Import Request.
  Time since last request: 3.937133 seconds.
  path: Assets/Prefabs/GameScreen/Itemcontainers/4 2x1.prefab
  artifactKey: Guid(184ee28cf36ef44ba93ff09ea3b4dc4f) Importer(815301076,1909f56bfc062723c751e8b465ee728b)
Start importing Assets/Prefabs/GameScreen/Itemcontainers/4 2x1.prefab using Guid(184ee28cf36ef44ba93ff09ea3b4dc4f) Importer(815301076,1909f56bfc062723c751e8b465ee728b)  -> (artifact id: 'ba56e32f95a3cb502bb79fd61b470713') in 0.004969 seconds 
========================================================================
Received Import Request.
  Time since last request: 2.468696 seconds.
  path: Assets/Prefabs/GameScreen/Itemcontainers/5 2x2.prefab
  artifactKey: Guid(a0ef3d7b54d6d47bea1aece41daa77de) Importer(815301076,1909f56bfc062723c751e8b465ee728b)
Start importing Assets/Prefabs/GameScreen/Itemcontainers/5 2x2.prefab using Guid(a0ef3d7b54d6d47bea1aece41daa77de) Importer(815301076,1909f56bfc062723c751e8b465ee728b)  -> (artifact id: '89ec6dc0745c4b4f61b8217ae15cde04') in 0.005075 seconds 
========================================================================
Received Import Request.
  Time since last request: 29.948552 seconds.
  path: Assets/Animation
  artifactKey: Guid(f0ed14929ac4a47d398965008e147c0d) Importer(815301076,1909f56bfc062723c751e8b465ee728b)
Start importing Assets/Animation using Guid(f0ed14929ac4a47d398965008e147c0d) Importer(815301076,1909f56bfc062723c751e8b465ee728b)  -> (artifact id: '1f878a5b470efb08e3e0a184a15ecfcc') in 0.001509 seconds 
========================================================================
Received Import Request.
  Time since last request: 167.566812 seconds.
  path: Assets/Prefabs/GameScreen/Itemcontainers/1 1x1.prefab
  artifactKey: Guid(7e1711c8cf1dd4522a00db5b4c10c325) Importer(815301076,1909f56bfc062723c751e8b465ee728b)
Start importing Assets/Prefabs/GameScreen/Itemcontainers/1 1x1.prefab using Guid(7e1711c8cf1dd4522a00db5b4c10c325) Importer(815301076,1909f56bfc062723c751e8b465ee728b)  -> (artifact id: '9d478056e1e04c6fba387e1b6b1950ab') in 0.005227 seconds 
========================================================================
Received Import Request.
  Time since last request: 2.181182 seconds.
  path: Assets/Prefabs/GameScreen/Itemcontainers/2 1x1.prefab
  artifactKey: Guid(a64814a21d1034800842a4fb51a87b8f) Importer(815301076,1909f56bfc062723c751e8b465ee728b)
Start importing Assets/Prefabs/GameScreen/Itemcontainers/2 1x1.prefab using Guid(a64814a21d1034800842a4fb51a87b8f) Importer(815301076,1909f56bfc062723c751e8b465ee728b)  -> (artifact id: 'b6bdfdb979ce7b590161872e21b1a063') in 0.004732 seconds 
========================================================================
Received Import Request.
  Time since last request: 1.985212 seconds.
  path: Assets/Prefabs/GameScreen/Itemcontainers/3 1x2.prefab
  artifactKey: Guid(2cfac0ec3253a4eea85ca40f45359d09) Importer(815301076,1909f56bfc062723c751e8b465ee728b)
Start importing Assets/Prefabs/GameScreen/Itemcontainers/3 1x2.prefab using Guid(2cfac0ec3253a4eea85ca40f45359d09) Importer(815301076,1909f56bfc062723c751e8b465ee728b)  -> (artifact id: 'dd77b8cd16e0247490145f5a7cf03664') in 0.005134 seconds 
========================================================================
Received Import Request.
  Time since last request: 1.814998 seconds.
  path: Assets/Prefabs/GameScreen/Itemcontainers/4 2x1.prefab
  artifactKey: Guid(184ee28cf36ef44ba93ff09ea3b4dc4f) Importer(815301076,1909f56bfc062723c751e8b465ee728b)
Start importing Assets/Prefabs/GameScreen/Itemcontainers/4 2x1.prefab using Guid(184ee28cf36ef44ba93ff09ea3b4dc4f) Importer(815301076,1909f56bfc062723c751e8b465ee728b)  -> (artifact id: '6ff32cb2d16f462684a5eb8d22d1726f') in 0.005135 seconds 
========================================================================
Received Import Request.
  Time since last request: 2.241508 seconds.
  path: Assets/Prefabs/GameScreen/Itemcontainers/5 2x2.prefab
  artifactKey: Guid(a0ef3d7b54d6d47bea1aece41daa77de) Importer(815301076,1909f56bfc062723c751e8b465ee728b)
Start importing Assets/Prefabs/GameScreen/Itemcontainers/5 2x2.prefab using Guid(a0ef3d7b54d6d47bea1aece41daa77de) Importer(815301076,1909f56bfc062723c751e8b465ee728b)  -> (artifact id: '6f10b20f76d70bccbdd49a6ad075289d') in 0.005344 seconds 
========================================================================
Received Import Request.
  Time since last request: 87.308254 seconds.
  path: Assets/Animation/GameScree/1 1x1.controller
  artifactKey: Guid(4099a79e8341a48bdaac23e587b7004c) Importer(815301076,1909f56bfc062723c751e8b465ee728b)
Start importing Assets/Animation/GameScree/1 1x1.controller using Guid(4099a79e8341a48bdaac23e587b7004c) Importer(815301076,1909f56bfc062723c751e8b465ee728b)  -> (artifact id: '3176b07c0a64e6199ffdd860739bd9b2') in 0.114759 seconds 
========================================================================
Received Import Request.
  Time since last request: 56.207936 seconds.
  path: Assets/Animation/GameScree
  artifactKey: Guid(a197842e5df56451e9df58a8596c2c1e) Importer(815301076,1909f56bfc062723c751e8b465ee728b)
Start importing Assets/Animation/GameScree using Guid(a197842e5df56451e9df58a8596c2c1e) Importer(815301076,1909f56bfc062723c751e8b465ee728b)  -> (artifact id: 'a9c2c0619955201286a1f67c14340dca') in 0.001726 seconds 
========================================================================
Received Import Request.
  Time since last request: 2.951342 seconds.
  path: Assets/Animation/GameScree/ItemContainer.anim
  artifactKey: Guid(4f4ceee3e72ec47a99f6252af38af3ca) Importer(815301076,1909f56bfc062723c751e8b465ee728b)
Start importing Assets/Animation/GameScree/ItemContainer.anim using Guid(4f4ceee3e72ec47a99f6252af38af3ca) Importer(815301076,1909f56bfc062723c751e8b465ee728b)  -> (artifact id: 'ea53b71ac64e9be2de4a6736cda21b35') in 0.089315 seconds 
========================================================================
Received Import Request.
  Time since last request: 6.674380 seconds.
  path: Assets/Animation/GameScree/DeativeState.anim
  artifactKey: Guid(4f4ceee3e72ec47a99f6252af38af3ca) Importer(815301076,1909f56bfc062723c751e8b465ee728b)
Start importing Assets/Animation/GameScree/DeativeState.anim using Guid(4f4ceee3e72ec47a99f6252af38af3ca) Importer(815301076,1909f56bfc062723c751e8b465ee728b)  -> (artifact id: '1c14a5460e74dcb46df70a868bc6f5d9') in 0.002419 seconds 
========================================================================
Received Import Request.
  Time since last request: 186.682021 seconds.
  path: Assets/Animation/GameScree/1 1x1.controller
  artifactKey: Guid(4099a79e8341a48bdaac23e587b7004c) Importer(815301076,1909f56bfc062723c751e8b465ee728b)
Start importing Assets/Animation/GameScree/1 1x1.controller using Guid(4099a79e8341a48bdaac23e587b7004c) Importer(815301076,1909f56bfc062723c751e8b465ee728b)  -> (artifact id: '90d509f74ec11c252266ce735a6fc5f0') in 0.004101 seconds 
========================================================================
Received Import Request.
  Time since last request: 7.490167 seconds.
  path: Assets/Animation/GameScree/ItemController.controller
  artifactKey: Guid(4099a79e8341a48bdaac23e587b7004c) Importer(815301076,1909f56bfc062723c751e8b465ee728b)
Start importing Assets/Animation/GameScree/ItemController.controller using Guid(4099a79e8341a48bdaac23e587b7004c) Importer(815301076,1909f56bfc062723c751e8b465ee728b)  -> (artifact id: '5f68ecbcde4e176fc140879a101dea7c') in 0.002886 seconds 
========================================================================
Received Prepare
Registering precompiled user dll's ...
Registered in 0.003222 seconds.
Begin MonoManager ReloadAssembly
Symbol file LoadedFromMemory doesn't match image /Users/skandasamy/Siva/UnityProjects/SivaScoply/BingoCity_2022/Library/PackageCache/com.unity.visualscripting@1.7.8/Editor/VisualScripting.Core/Dependencies/YamlDotNet/Unity.VisualScripting.YamlDotNet.dll
Symbol file LoadedFromMemory doesn't match image /Users/skandasamy/Siva/UnityProjects/SivaScoply/BingoCity_2022/Library/PackageCache/com.unity.visualscripting@1.7.8/Editor/VisualScripting.Core/Dependencies/DotNetZip/Unity.VisualScripting.IonicZip.dll
Native extension for WindowsStandalone target not found
Native extension for iOS target not found
2022-09-08 15:34:33.712 Unity[6042:94961] [XcodeApplications] Expected com.apple.dt.Xcode CFBundleIdentifier but found com.microsoft.VSCode in /Applications/Visual Studio Code.app/Contents/Info.plist
Native extension for Android target not found
Native extension for OSXStandalone target not found
Native extension for WebGL target not found
Refreshing native plugins compatible for Editor in 0.63 ms, found 2 plugins.
Preloading 0 native plugins for Editor in 0.00 ms.
Mono: successfully reloaded assembly
- Completed reload, in  1.363 seconds
Domain Reload Profiling:
	ReloadAssembly (1364ms)
		BeginReloadAssembly (163ms)
			ExecutionOrderSort (0ms)
			DisableScriptedObjects (7ms)
			BackupInstance (0ms)
			ReleaseScriptingObjects (0ms)
			CreateAndSetChildDomain (64ms)
		EndReloadAssembly (1083ms)
			LoadAssemblies (92ms)
			RebuildTransferFunctionScriptingTraits (0ms)
			SetupTypeCache (377ms)
			ReleaseScriptCaches (1ms)
			RebuildScriptCaches (58ms)
			SetupLoadedEditorAssemblies (494ms)
				LogAssemblyErrors (0ms)
				InitializePlatformSupportModulesInManaged (41ms)
				SetLoadedEditorAssemblies (1ms)
				RefreshPlugins (1ms)
				BeforeProcessingInitializeOnLoad (69ms)
				ProcessInitializeOnLoadAttributes (345ms)
				ProcessInitializeOnLoadMethodAttributes (35ms)
				AfterProcessingInitializeOnLoad (2ms)
				EditorAssembliesLoaded (0ms)
			ExecutionOrderSort2 (0ms)
			AwakeInstancesAfterBackupRestoration (5ms)
Platform modules already initialized, skipping
Refreshing native plugins compatible for Editor in 2.13 ms, found 2 plugins.
Preloading 0 native plugins for Editor in 0.00 ms.
Unloading 3654 Unused Serialized files (Serialized files now loaded: 0)
Unloading 20 unused Assets / (71.5 KB). Loaded Objects now: 4134.
Memory consumption went from 262.0 MB to 261.9 MB.
Total: 4.008203 ms (FindLiveObjects: 0.333655 ms CreateObjectMapping: 0.231527 ms MarkObjects: 3.357328 ms  DeleteObjects: 0.084658 ms)

AssetImportParameters requested are different than current active one (requested -> active):
  custom:video-decoder-ogg-theora: a1e56fd34408186e4bbccfd4996cb3dc -> 
  custom:container-muxer-webm: aa71ff27fc2769a1b78a27578f13a17b -> 
  custom:container-demuxer-webm: 4f35f7cbe854078d1ac9338744f61a02 -> 
  custom:video-encoder-webm-vp8: eb34c28f22e8b96e1ab97ce403110664 -> 
  custom:framework-osx-AVFoundation: e770b220cccbd017edd2c1fefb359320 -> 
  custom:audio-encoder-webm-vorbis: bf7c407c2cedff20999df2af8eb42d56 -> 
  custom:container-demuxer-ogg: 62fdf1f143b41e24485cea50d1cbac27 -> 
  custom:video-decoder-webm-vp8: 9c59270c3fd7afecdb556c50c9e8de78 -> 
  custom:audio-decoder-ogg-vorbis: bf7c407c2cedff20999df2af8eb42d56 -> 
